Started GET "/" for 127.0.0.1 at 2025-09-05 09:44:28 +0900
  [1m[36mActiveRecord::SchemaMigration Load (0.5ms)[0m  [1m[34mSELECT "schema_migrations"."version" FROM "schema_migrations" ORDER BY "schema_migrations"."version" ASC /*application='CrackSite2'*/[0m
Processing by SoftwaresController#index as HTML
  Rendering layout layouts/application.html.erb
  Rendering softwares/index.html.erb within layouts/application
  [1m[36mSoftware Count (0.1ms)[0m  [1m[34mSELECT COUNT(*) FROM (SELECT 1 AS one FROM "softwares" WHERE "softwares"."published" = 1 LIMIT 20) subquery_for_count /*action='index',application='CrackSite2',controller='softwares'*/[0m
  â†³ app/views/softwares/index.html.erb:15
  [1m[36mSoftware Exists? (0.0ms)[0m  [1m[34mSELECT 1 AS one FROM "softwares" WHERE "softwares"."published" = 1 LIMIT 1 /*action='index',application='CrackSite2',controller='softwares'*/[0m
  â†³ app/views/softwares/index.html.erb:38
  [1m[36mSoftware Load (0.3ms)[0m  [1m[34mSELECT "softwares".* FROM "softwares" WHERE "softwares"."published" = 1 ORDER BY "softwares"."created_at" DESC LIMIT 20 /*action='index',application='CrackSite2',controller='softwares'*/[0m
  â†³ app/views/softwares/index.html.erb:40
  [1m[36mCategory Load (0.3ms)[0m  [1m[34mSELECT "categories".* FROM "categories" WHERE "categories"."id" IN (1, 8, 7, 6, 5, 4, 3, 2) /*action='index',application='CrackSite2',controller='softwares'*/[0m
  â†³ app/views/softwares/index.html.erb:40
  [1m[36mActiveStorage::Attachment Load (0.1ms)[0m  [1m[34mSELECT "active_storage_attachments".* FROM "active_storage_attachments" WHERE "active_storage_attachments"."record_type" = 'Software' AND "active_storage_attachments"."name" = 'featured_image' AND "active_storage_attachments"."record_id" IN (17, 16, 15, 14, 13, 12, 11, 10, 9, 8, 7, 6, 5, 4, 3, 2, 1) /*action='index',application='CrackSite2',controller='softwares'*/[0m
  â†³ app/views/softwares/index.html.erb:40
  [1m[36mActiveStorage::Blob Load (0.3ms)[0m  [1m[34mSELECT "active_storage_blobs".* FROM "active_storage_blobs" WHERE "active_storage_blobs"."id" IN (1, 6, 8, 39) /*action='index',application='CrackSite2',controller='softwares'*/[0m
  â†³ app/views/softwares/index.html.erb:40
  [1m[36mActiveStorage::Attachment Exists? (0.1ms)[0m  [1m[34mSELECT 1 AS one FROM "active_storage_attachments" WHERE "active_storage_attachments"."record_id" = 17 AND "active_storage_attachments"."record_type" = 'Software' AND "active_storage_attachments"."name" = 'screenshots' LIMIT 1 /*action='index',application='CrackSite2',controller='softwares'*/[0m
  â†³ app/views/softwares/index.html.erb:48
  [1m[36mActiveStorage::Attachment Load (0.3ms)[0m  [1m[34mSELECT "active_storage_attachments".* FROM "active_storage_attachments" WHERE "active_storage_attachments"."record_id" = 17 AND "active_storage_attachments"."record_type" = 'Software' AND "active_storage_attachments"."name" = 'screenshots' ORDER BY "active_storage_attachments"."id" ASC LIMIT 1 /*action='index',application='CrackSite2',controller='softwares'*/[0m
  â†³ app/views/softwares/index.html.erb:49
  [1m[36mActiveStorage::Blob Load (0.1ms)[0m  [1m[34mSELECT "active_storage_blobs".* FROM "active_storage_blobs" WHERE "active_storage_blobs"."id" = 37 LIMIT 1 /*action='index',application='CrackSite2',controller='softwares'*/[0m
  â†³ app/views/softwares/index.html.erb:49
  [1m[36mActiveStorage::Attachment Exists? (0.1ms)[0m  [1m[34mSELECT 1 AS one FROM "active_storage_attachments" WHERE "active_storage_attachments"."record_id" = 15 AND "active_storage_attachments"."record_type" = 'Software' AND "active_storage_attachments"."name" = 'screenshots' LIMIT 1 /*action='index',application='CrackSite2',controller='softwares'*/[0m
  â†³ app/views/softwares/index.html.erb:48
  [1m[36mActiveStorage::Attachment Exists? (0.0ms)[0m  [1m[34mSELECT 1 AS one FROM "active_storage_attachments" WHERE "active_storage_attachments"."record_id" = 14 AND "active_storage_attachments"."record_type" = 'Software' AND "active_storage_attachments"."name" = 'screenshots' LIMIT 1 /*action='index',application='CrackSite2',controller='softwares'*/[0m
  â†³ app/views/softwares/index.html.erb:48
  [1m[36mActiveStorage::Attachment Exists? (0.1ms)[0m  [1m[34mSELECT 1 AS one FROM "active_storage_attachments" WHERE "active_storage_attachments"."record_id" = 13 AND "active_storage_attachments"."record_type" = 'Software' AND "active_storage_attachments"."name" = 'screenshots' LIMIT 1 /*action='index',application='CrackSite2',controller='softwares'*/[0m
  â†³ app/views/softwares/index.html.erb:48
  [1m[36mActiveStorage::Attachment Exists? (0.1ms)[0m  [1m[34mSELECT 1 AS one FROM "active_storage_attachments" WHERE "active_storage_attachments"."record_id" = 12 AND "active_storage_attachments"."record_type" = 'Software' AND "active_storage_attachments"."name" = 'screenshots' LIMIT 1 /*action='index',application='CrackSite2',controller='softwares'*/[0m
  â†³ app/views/softwares/index.html.erb:48
  [1m[36mActiveStorage::Attachment Exists? (0.0ms)[0m  [1m[34mSELECT 1 AS one FROM "active_storage_attachments" WHERE "active_storage_attachments"."record_id" = 11 AND "active_storage_attachments"."record_type" = 'Software' AND "active_storage_attachments"."name" = 'screenshots' LIMIT 1 /*action='index',application='CrackSite2',controller='softwares'*/[0m
  â†³ app/views/softwares/index.html.erb:48
  [1m[36mActiveStorage::Attachment Exists? (0.0ms)[0m  [1m[34mSELECT 1 AS one FROM "active_storage_attachments" WHERE "active_storage_attachments"."record_id" = 10 AND "active_storage_attachments"."record_type" = 'Software' AND "active_storage_attachments"."name" = 'screenshots' LIMIT 1 /*action='index',application='CrackSite2',controller='softwares'*/[0m
  â†³ app/views/softwares/index.html.erb:48
  [1m[36mActiveStorage::Attachment Exists? (0.1ms)[0m  [1m[34mSELECT 1 AS one FROM "active_storage_attachments" WHERE "active_storage_attachments"."record_id" = 9 AND "active_storage_attachments"."record_type" = 'Software' AND "active_storage_attachments"."name" = 'screenshots' LIMIT 1 /*action='index',application='CrackSite2',controller='softwares'*/[0m
  â†³ app/views/softwares/index.html.erb:48
  [1m[36mActiveStorage::Attachment Exists? (0.1ms)[0m  [1m[34mSELECT 1 AS one FROM "active_storage_attachments" WHERE "active_storage_attachments"."record_id" = 8 AND "active_storage_attachments"."record_type" = 'Software' AND "active_storage_attachments"."name" = 'screenshots' LIMIT 1 /*action='index',application='CrackSite2',controller='softwares'*/[0m
  â†³ app/views/softwares/index.html.erb:48
  [1m[36mActiveStorage::Attachment Exists? (0.0ms)[0m  [1m[34mSELECT 1 AS one FROM "active_storage_attachments" WHERE "active_storage_attachments"."record_id" = 7 AND "active_storage_attachments"."record_type" = 'Software' AND "active_storage_attachments"."name" = 'screenshots' LIMIT 1 /*action='index',application='CrackSite2',controller='softwares'*/[0m
  â†³ app/views/softwares/index.html.erb:48
  [1m[36mActiveStorage::Attachment Exists? (0.0ms)[0m  [1m[34mSELECT 1 AS one FROM "active_storage_attachments" WHERE "active_storage_attachments"."record_id" = 6 AND "active_storage_attachments"."record_type" = 'Software' AND "active_storage_attachments"."name" = 'screenshots' LIMIT 1 /*action='index',application='CrackSite2',controller='softwares'*/[0m
  â†³ app/views/softwares/index.html.erb:48
  [1m[36mActiveStorage::Attachment Exists? (0.0ms)[0m  [1m[34mSELECT 1 AS one FROM "active_storage_attachments" WHERE "active_storage_attachments"."record_id" = 5 AND "active_storage_attachments"."record_type" = 'Software' AND "active_storage_attachments"."name" = 'screenshots' LIMIT 1 /*action='index',application='CrackSite2',controller='softwares'*/[0m
  â†³ app/views/softwares/index.html.erb:48
  [1m[36mActiveStorage::Attachment Exists? (2.6ms)[0m  [1m[34mSELECT 1 AS one FROM "active_storage_attachments" WHERE "active_storage_attachments"."record_id" = 4 AND "active_storage_attachments"."record_type" = 'Software' AND "active_storage_attachments"."name" = 'screenshots' LIMIT 1 /*action='index',application='CrackSite2',controller='softwares'*/[0m
  â†³ app/views/softwares/index.html.erb:48
  Rendered softwares/index.html.erb within layouts/application (Duration: 127.4ms | GC: 25.2ms)
  [1m[36mCategory Load (0.3ms)[0m  [1m[34mSELECT "categories".* FROM "categories" ORDER BY "categories"."position" ASC, "categories"."name" ASC /*action='index',application='CrackSite2',controller='softwares'*/[0m
  â†³ app/views/layouts/application.html.erb:50
  [1m[36mSoftware Load (0.1ms)[0m  [1m[34mSELECT "softwares".* FROM "softwares" WHERE "softwares"."category_id" IN (1, 2, 3, 4, 5, 6, 7, 8) /*action='index',application='CrackSite2',controller='softwares'*/[0m
  â†³ app/views/layouts/application.html.erb:50
  Rendered layout layouts/application.html.erb (Duration: 148.5ms | GC: 26.5ms)
Completed 200 OK in 275ms (Views: 147.3ms | ActiveRecord: 8.4ms (23 queries, 0 cached) | GC: 26.5ms)


Started GET "/assets/tailwind-59dbcdb5.css" for 127.0.0.1 at 2025-09-05 09:44:29 +0900
Started GET "/rails/active_storage/representations/redirect/eyJfcmFpbHMiOnsiZGF0YSI6MzksInB1ciI6ImJsb2JfaWQifX0=--12f650b05be9e1de3481c2bcd3073cc267de1ac6/eyJfcmFpbHMiOnsiZGF0YSI6eyJmb3JtYXQiOiJqcGVnIiwicmVzaXplX3RvX2ZpbGwiOls0MDAsMjUwXX0sInB1ciI6InZhcmlhdGlvbiJ9fQ==--6700277b1e7f91a2359df54823abfffda3e6130d/%EC%9D%B4%EB%AF%B8%EC%A7%80.jpeg" for 127.0.0.1 at 2025-09-05 09:44:29 +0900
Processing by ActiveStorage::Representations::RedirectController#show as JPEG
  Parameters: {"signed_blob_id" => "eyJfcmFpbHMiOnsiZGF0YSI6MzksInB1ciI6ImJsb2JfaWQifX0=--12f650b05be9e1de3481c2bcd3073cc267de1ac6", "variation_key" => "[FILTERED]", "filename" => "ì´ë¯¸ì§€"}
Started GET "/rails/active_storage/representations/redirect/eyJfcmFpbHMiOnsiZGF0YSI6NiwicHVyIjoiYmxvYl9pZCJ9fQ==--66ef222b97a77e177ee91fa16d643b121514eba0/eyJfcmFpbHMiOnsiZGF0YSI6eyJmb3JtYXQiOiJwbmciLCJyZXNpemVfdG9fZmlsbCI6WzQwMCwyNTBdfSwicHVyIjoidmFyaWF0aW9uIn19--4419de9b5adb018ae99de24574a74324343e322c/adobe_audition_screenshot_2.png" for 127.0.0.1 at 2025-09-05 09:44:29 +0900
  [1m[36mActiveStorage::Blob Load (0.2ms)[0m  [1m[34mSELECT "active_storage_blobs".* FROM "active_storage_blobs" WHERE "active_storage_blobs"."id" = 39 LIMIT 1 /*action='show',application='CrackSite2',controller='redirect'*/[0m
  [1m[36mActiveStorage::VariantRecord Load (0.0ms)[0m  [1m[34mSELECT "active_storage_variant_records".* FROM "active_storage_variant_records" WHERE "active_storage_variant_records"."blob_id" = 39 AND "active_storage_variant_records"."variation_digest" = '7cr02/JbmPiYVisevFmDvrkh1PA=' LIMIT 1 /*action='show',application='CrackSite2',controller='redirect'*/[0m
  [1m[36mActiveStorage::Attachment Load (0.1ms)[0m  [1m[34mSELECT "active_storage_attachments".* FROM "active_storage_attachments" WHERE "active_storage_attachments"."record_id" = 21 AND "active_storage_attachments"."record_type" = 'ActiveStorage::VariantRecord' AND "active_storage_attachments"."name" = 'image' LIMIT 1 /*action='show',application='CrackSite2',controller='redirect'*/[0m
  [1m[36mActiveStorage::Blob Load (0.0ms)[0m  [1m[34mSELECT "active_storage_blobs".* FROM "active_storage_blobs" WHERE "active_storage_blobs"."id" = 44 LIMIT 1 /*action='show',application='CrackSite2',controller='redirect'*/[0m
[36m  Disk Storage (1.1ms) [0m[34mGenerated URL for file at key: m4xh900rb39tl3umj3iklkk5kzur (http://127.0.0.1:3000/rails/active_storage/disk/eyJfcmFpbHMiOnsiZGF0YSI6eyJrZXkiOiJtNHhoOTAwcmIzOXRsM3VtajNpa2xrazVrenVyIiwiZGlzcG9zaXRpb24iOiJpbmxpbmU7IGZpbGVuYW1lPVwiJTNGJTNGJTNGLmpwZWdcIjsgZmlsZW5hbWUqPVVURi04JyclRUMlOUQlQjQlRUIlQUYlQjglRUMlQTclODAuanBlZyIsImNvbnRlbnRfdHlwZSI6ImltYWdlL2pwZWciLCJzZXJ2aWNlX25hbWUiOiJsb2NhbCJ9LCJleHAiOiIyMDI1LTA5LTA1VDAwOjQ5OjI5LjQ4NVoiLCJwdXIiOiJibG9iX2tleSJ9fQ==--09bdc10e0b050ec826b1a9e5dee7e38f13ddd631/%EC%9D%B4%EB%AF%B8%EC%A7%80.jpeg)[0m
Redirected to http://127.0.0.1:3000/rails/active_storage/disk/eyJfcmFpbHMiOnsiZGF0YSI6eyJrZXkiOiJtNHhoOTAwcmIzOXRsM3VtajNpa2xrazVrenVyIiwiZGlzcG9zaXRpb24iOiJpbmxpbmU7IGZpbGVuYW1lPVwiJTNGJTNGJTNGLmpwZWdcIjsgZmlsZW5hbWUqPVVURi04JyclRUMlOUQlQjQlRUIlQUYlQjglRUMlQTclODAuanBlZyIsImNvbnRlbnRfdHlwZSI6ImltYWdlL2pwZWciLCJzZXJ2aWNlX25hbWUiOiJsb2NhbCJ9LCJleHAiOiIyMDI1LTA5LTA1VDAwOjQ5OjI5LjQ4NVoiLCJwdXIiOiJibG9iX2tleSJ9fQ==--09bdc10e0b050ec826b1a9e5dee7e38f13ddd631/%EC%9D%B4%EB%AF%B8%EC%A7%80.jpeg
Completed 302 Found in 132ms (ActiveRecord: 0.4ms (4 queries, 0 cached) | GC: 0.0ms)


Processing by ActiveStorage::Representations::RedirectController#show as PNG
  Parameters: {"signed_blob_id" => "eyJfcmFpbHMiOnsiZGF0YSI6NiwicHVyIjoiYmxvYl9pZCJ9fQ==--66ef222b97a77e177ee91fa16d643b121514eba0", "variation_key" => "[FILTERED]", "filename" => "adobe_audition_screenshot_2"}
Started GET "/rails/active_storage/disk/eyJfcmFpbHMiOnsiZGF0YSI6eyJrZXkiOiJtNHhoOTAwcmIzOXRsM3VtajNpa2xrazVrenVyIiwiZGlzcG9zaXRpb24iOiJpbmxpbmU7IGZpbGVuYW1lPVwiJTNGJTNGJTNGLmpwZWdcIjsgZmlsZW5hbWUqPVVURi04JyclRUMlOUQlQjQlRUIlQUYlQjglRUMlQTclODAuanBlZyIsImNvbnRlbnRfdHlwZSI6ImltYWdlL2pwZWciLCJzZXJ2aWNlX25hbWUiOiJsb2NhbCJ9LCJleHAiOiIyMDI1LTA5LTA1VDAwOjQ5OjI5LjQ4NVoiLCJwdXIiOiJibG9iX2tleSJ9fQ==--09bdc10e0b050ec826b1a9e5dee7e38f13ddd631/%EC%9D%B4%EB%AF%B8%EC%A7%80.jpeg" for 127.0.0.1 at 2025-09-05 09:44:29 +0900
Processing by ActiveStorage::DiskController#show as JPEG
  Parameters: {"encoded_key" => "[FILTERED]", "filename" => "ì´ë¯¸ì§€"}
Started GET "/assets/application-bfcdf840.js" for 127.0.0.1 at 2025-09-05 09:44:29 +0900
  [1m[36mActiveStorage::Blob Load (0.1ms)[0m  [1m[34mSELECT "active_storage_blobs".* FROM "active_storage_blobs" WHERE "active_storage_blobs"."id" = 6 LIMIT 1 /*action='show',application='CrackSite2',controller='redirect'*/[0m
  [1m[36mActiveStorage::VariantRecord Load (0.1ms)[0m  [1m[34mSELECT "active_storage_variant_records".* FROM "active_storage_variant_records" WHERE "active_storage_variant_records"."blob_id" = 6 AND "active_storage_variant_records"."variation_digest" = '4xJwnC/LTTKcOGOu+QwvSrk2Y3w=' LIMIT 1 /*action='show',application='CrackSite2',controller='redirect'*/[0m
  [1m[36mActiveStorage::Attachment Load (0.1ms)[0m  [1m[34mSELECT "active_storage_attachments".* FROM "active_storage_attachments" WHERE "active_storage_attachments"."record_id" = 30 AND "active_storage_attachments"."record_type" = 'ActiveStorage::VariantRecord' AND "active_storage_attachments"."name" = 'image' LIMIT 1 /*action='show',application='CrackSite2',controller='redirect'*/[0m
  [1m[36mActiveStorage::Blob Load (0.1ms)[0m  [1m[34mSELECT "active_storage_blobs".* FROM "active_storage_blobs" WHERE "active_storage_blobs"."id" = 55 LIMIT 1 /*action='show',application='CrackSite2',controller='redirect'*/[0m
[36m  Disk Storage (0.3ms) [0m[34mGenerated URL for file at key: iwy20x37jkn5y353lihkts9wbmu1 (http://127.0.0.1:3000/rails/active_storage/disk/eyJfcmFpbHMiOnsiZGF0YSI6eyJrZXkiOiJpd3kyMHgzN2prbjV5MzUzbGloa3RzOXdibXUxIiwiZGlzcG9zaXRpb24iOiJpbmxpbmU7IGZpbGVuYW1lPVwiYWRvYmVfYXVkaXRpb25fc2NyZWVuc2hvdF8yLnBuZ1wiOyBmaWxlbmFtZSo9VVRGLTgnJ2Fkb2JlX2F1ZGl0aW9uX3NjcmVlbnNob3RfMi5wbmciLCJjb250ZW50X3R5cGUiOiJpbWFnZS9wbmciLCJzZXJ2aWNlX25hbWUiOiJsb2NhbCJ9LCJleHAiOiIyMDI1LTA5LTA1VDAwOjQ5OjI5LjU5NFoiLCJwdXIiOiJibG9iX2tleSJ9fQ==--a5d8ffb38e6e2afc0b4a791ccf69636e8f6048b3/adobe_audition_screenshot_2.png)[0m
Redirected to http://127.0.0.1:3000/rails/active_storage/disk/eyJfcmFpbHMiOnsiZGF0YSI6eyJrZXkiOiJpd3kyMHgzN2prbjV5MzUzbGloa3RzOXdibXUxIiwiZGlzcG9zaXRpb24iOiJpbmxpbmU7IGZpbGVuYW1lPVwiYWRvYmVfYXVkaXRpb25fc2NyZWVuc2hvdF8yLnBuZ1wiOyBmaWxlbmFtZSo9VVRGLTgnJ2Fkb2JlX2F1ZGl0aW9uX3NjcmVlbnNob3RfMi5wbmciLCJjb250ZW50X3R5cGUiOiJpbWFnZS9wbmciLCJzZXJ2aWNlX25hbWUiOiJsb2NhbCJ9LCJleHAiOiIyMDI1LTA5LTA1VDAwOjQ5OjI5LjU5NFoiLCJwdXIiOiJibG9iX2tleSJ9fQ==--a5d8ffb38e6e2afc0b4a791ccf69636e8f6048b3/adobe_audition_screenshot_2.png
Completed 302 Found in 104ms (ActiveRecord: 0.3ms (4 queries, 0 cached) | GC: 12.0ms)


Started GET "/rails/active_storage/disk/eyJfcmFpbHMiOnsiZGF0YSI6eyJrZXkiOiJpd3kyMHgzN2prbjV5MzUzbGloa3RzOXdibXUxIiwiZGlzcG9zaXRpb24iOiJpbmxpbmU7IGZpbGVuYW1lPVwiYWRvYmVfYXVkaXRpb25fc2NyZWVuc2hvdF8yLnBuZ1wiOyBmaWxlbmFtZSo9VVRGLTgnJ2Fkb2JlX2F1ZGl0aW9uX3NjcmVlbnNob3RfMi5wbmciLCJjb250ZW50X3R5cGUiOiJpbWFnZS9wbmciLCJzZXJ2aWNlX25hbWUiOiJsb2NhbCJ9LCJleHAiOiIyMDI1LTA5LTA1VDAwOjQ5OjI5LjU5NFoiLCJwdXIiOiJibG9iX2tleSJ9fQ==--a5d8ffb38e6e2afc0b4a791ccf69636e8f6048b3/adobe_audition_screenshot_2.png" for 127.0.0.1 at 2025-09-05 09:44:29 +0900
Processing by ActiveStorage::DiskController#show as PNG
  Parameters: {"encoded_key" => "[FILTERED]", "filename" => "adobe_audition_screenshot_2"}
Completed 200 OK in 189ms (ActiveRecord: 0.0ms (0 queries, 0 cached) | GC: 12.0ms)


Completed 200 OK in 120ms (ActiveRecord: 0.0ms (0 queries, 0 cached) | GC: 0.4ms)


Started GET "/assets/stimulus-loading-1fc53fe7.js" for 127.0.0.1 at 2025-09-05 09:44:29 +0900
Started GET "/rails/active_storage/representations/redirect/eyJfcmFpbHMiOnsiZGF0YSI6MzcsInB1ciI6ImJsb2JfaWQifX0=--2d245f0c0e4bdd96484f9874583d080a63e895da/eyJfcmFpbHMiOnsiZGF0YSI6eyJmb3JtYXQiOiJwbmciLCJyZXNpemVfdG9fZmlsbCI6WzQwMCwyNTBdfSwicHVyIjoidmFyaWF0aW9uIn19--4419de9b5adb018ae99de24574a74324343e322c/image.png" for 127.0.0.1 at 2025-09-05 09:44:29 +0900
Processing by ActiveStorage::Representations::RedirectController#show as PNG
  Parameters: {"signed_blob_id" => "eyJfcmFpbHMiOnsiZGF0YSI6MzcsInB1ciI6ImJsb2JfaWQifX0=--2d245f0c0e4bdd96484f9874583d080a63e895da", "variation_key" => "[FILTERED]", "filename" => "image"}
Started GET "/rails/active_storage/representations/redirect/eyJfcmFpbHMiOnsiZGF0YSI6MSwicHVyIjoiYmxvYl9pZCJ9fQ==--41137020fda6d499a8ae3420b0e7a87beb668d03/eyJfcmFpbHMiOnsiZGF0YSI6eyJmb3JtYXQiOiJwbmciLCJyZXNpemVfdG9fZmlsbCI6WzQwMCwyNTBdfSwicHVyIjoidmFyaWF0aW9uIn19--4419de9b5adb018ae99de24574a74324343e322c/%ED%95%9C%EB%82%A8%EB%8F%99%EC%97%B0%EB%A3%8C%EB%B9%84.png" for 127.0.0.1 at 2025-09-05 09:44:29 +0900
Processing by ActiveStorage::Representations::RedirectController#show as PNG
  Parameters: {"signed_blob_id" => "eyJfcmFpbHMiOnsiZGF0YSI6MSwicHVyIjoiYmxvYl9pZCJ9fQ==--41137020fda6d499a8ae3420b0e7a87beb668d03", "variation_key" => "[FILTERED]", "filename" => "í•œë‚¨ë™ì—°ë£Œë¹„"}
  [1m[36mActiveStorage::Blob Load (0.1ms)[0m  [1m[34mSELECT "active_storage_blobs".* FROM "active_storage_blobs" WHERE "active_storage_blobs"."id" = 37 LIMIT 1 /*action='show',application='CrackSite2',controller='redirect'*/[0m
  [1m[36mActiveStorage::VariantRecord Load (0.1ms)[0m  [1m[34mSELECT "active_storage_variant_records".* FROM "active_storage_variant_records" WHERE "active_storage_variant_records"."blob_id" = 37 AND "active_storage_variant_records"."variation_digest" = '4xJwnC/LTTKcOGOu+QwvSrk2Y3w=' LIMIT 1 /*action='show',application='CrackSite2',controller='redirect'*/[0m
  [1m[36mActiveStorage::Attachment Load (0.0ms)[0m  [1m[34mSELECT "active_storage_attachments".* FROM "active_storage_attachments" WHERE "active_storage_attachments"."record_id" = 20 AND "active_storage_attachments"."record_type" = 'ActiveStorage::VariantRecord' AND "active_storage_attachments"."name" = 'image' LIMIT 1 /*action='show',application='CrackSite2',controller='redirect'*/[0m
  [1m[36mActiveStorage::Blob Load (0.1ms)[0m  [1m[34mSELECT "active_storage_blobs".* FROM "active_storage_blobs" WHERE "active_storage_blobs"."id" = 43 LIMIT 1 /*action='show',application='CrackSite2',controller='redirect'*/[0m
[36m  Disk Storage (0.2ms) [0m[34mGenerated URL for file at key: zp5ierkcfo10mul1vodcxu06ig3q (http://127.0.0.1:3000/rails/active_storage/disk/eyJfcmFpbHMiOnsiZGF0YSI6eyJrZXkiOiJ6cDVpZXJrY2ZvMTBtdWwxdm9kY3h1MDZpZzNxIiwiZGlzcG9zaXRpb24iOiJpbmxpbmU7IGZpbGVuYW1lPVwiaW1hZ2UucG5nXCI7IGZpbGVuYW1lKj1VVEYtOCcnaW1hZ2UucG5nIiwiY29udGVudF90eXBlIjoiaW1hZ2UvcG5nIiwic2VydmljZV9uYW1lIjoibG9jYWwifSwiZXhwIjoiMjAyNS0wOS0wNVQwMDo0OTozMC4wNjlaIiwicHVyIjoiYmxvYl9rZXkifX0=--87dcedc53174459e57e0b1c86d1985440c748ca5/image.png)[0m
Redirected to http://127.0.0.1:3000/rails/active_storage/disk/eyJfcmFpbHMiOnsiZGF0YSI6eyJrZXkiOiJ6cDVpZXJrY2ZvMTBtdWwxdm9kY3h1MDZpZzNxIiwiZGlzcG9zaXRpb24iOiJpbmxpbmU7IGZpbGVuYW1lPVwiaW1hZ2UucG5nXCI7IGZpbGVuYW1lKj1VVEYtOCcnaW1hZ2UucG5nIiwiY29udGVudF90eXBlIjoiaW1hZ2UvcG5nIiwic2VydmljZV9uYW1lIjoibG9jYWwifSwiZXhwIjoiMjAyNS0wOS0wNVQwMDo0OTozMC4wNjlaIiwicHVyIjoiYmxvYl9rZXkifX0=--87dcedc53174459e57e0b1c86d1985440c748ca5/image.png
Completed 302 Found in 105ms (ActiveRecord: 0.3ms (4 queries, 0 cached) | GC: 0.5ms)


  [1m[36mActiveStorage::Blob Load (0.1ms)[0m  [1m[34mSELECT "active_storage_blobs".* FROM "active_storage_blobs" WHERE "active_storage_blobs"."id" = 1 LIMIT 1 /*action='show',application='CrackSite2',controller='redirect'*/[0m
  [1m[36mActiveStorage::VariantRecord Load (0.0ms)[0m  [1m[34mSELECT "active_storage_variant_records".* FROM "active_storage_variant_records" WHERE "active_storage_variant_records"."blob_id" = 1 AND "active_storage_variant_records"."variation_digest" = '4xJwnC/LTTKcOGOu+QwvSrk2Y3w=' LIMIT 1 /*action='show',application='CrackSite2',controller='redirect'*/[0m
  [1m[36mActiveStorage::Attachment Load (0.1ms)[0m  [1m[34mSELECT "active_storage_attachments".* FROM "active_storage_attachments" WHERE "active_storage_attachments"."record_id" = 31 AND "active_storage_attachments"."record_type" = 'ActiveStorage::VariantRecord' AND "active_storage_attachments"."name" = 'image' LIMIT 1 /*action='show',application='CrackSite2',controller='redirect'*/[0m
  [1m[36mActiveStorage::Blob Load (0.0ms)[0m  [1m[34mSELECT "active_storage_blobs".* FROM "active_storage_blobs" WHERE "active_storage_blobs"."id" = 56 LIMIT 1 /*action='show',application='CrackSite2',controller='redirect'*/[0m
[36m  Disk Storage (0.2ms) [0m[34mGenerated URL for file at key: 64gsyuwb89a03lcgtwc6wec68wge (http://127.0.0.1:3000/rails/active_storage/disk/eyJfcmFpbHMiOnsiZGF0YSI6eyJrZXkiOiI2NGdzeXV3Yjg5YTAzbGNndHdjNndlYzY4d2dlIiwiZGlzcG9zaXRpb24iOiJpbmxpbmU7IGZpbGVuYW1lPVwiJTNGJTNGJTNGJTNGJTNGJTNGLnBuZ1wiOyBmaWxlbmFtZSo9VVRGLTgnJyVFRCU5NSU5QyVFQiU4MiVBOCVFQiU4RiU5OSVFQyU5NyVCMCVFQiVBMyU4QyVFQiVCOSU4NC5wbmciLCJjb250ZW50X3R5cGUiOiJpbWFnZS9wbmciLCJzZXJ2aWNlX25hbWUiOiJsb2NhbCJ9LCJleHAiOiIyMDI1LTA5LTA1VDAwOjQ5OjMwLjEwMFoiLCJwdXIiOiJibG9iX2tleSJ9fQ==--a36453084f1b2024b0c56fe86cb9291d42a2f87b/%ED%95%9C%EB%82%A8%EB%8F%99%EC%97%B0%EB%A3%8C%EB%B9%84.png)[0m
Redirected to http://127.0.0.1:3000/rails/active_storage/disk/eyJfcmFpbHMiOnsiZGF0YSI6eyJrZXkiOiI2NGdzeXV3Yjg5YTAzbGNndHdjNndlYzY4d2dlIiwiZGlzcG9zaXRpb24iOiJpbmxpbmU7IGZpbGVuYW1lPVwiJTNGJTNGJTNGJTNGJTNGJTNGLnBuZ1wiOyBmaWxlbmFtZSo9VVRGLTgnJyVFRCU5NSU5QyVFQiU4MiVBOCVFQiU4RiU5OSVFQyU5NyVCMCVFQiVBMyU4QyVFQiVCOSU4NC5wbmciLCJjb250ZW50X3R5cGUiOiJpbWFnZS9wbmciLCJzZXJ2aWNlX25hbWUiOiJsb2NhbCJ9LCJleHAiOiIyMDI1LTA5LTA1VDAwOjQ5OjMwLjEwMFoiLCJwdXIiOiJibG9iX2tleSJ9fQ==--a36453084f1b2024b0c56fe86cb9291d42a2f87b/%ED%95%9C%EB%82%A8%EB%8F%99%EC%97%B0%EB%A3%8C%EB%B9%84.png
Completed 302 Found in 110ms (ActiveRecord: 0.2ms (4 queries, 0 cached) | GC: 0.8ms)


Started GET "/rails/active_storage/disk/eyJfcmFpbHMiOnsiZGF0YSI6eyJrZXkiOiJ6cDVpZXJrY2ZvMTBtdWwxdm9kY3h1MDZpZzNxIiwiZGlzcG9zaXRpb24iOiJpbmxpbmU7IGZpbGVuYW1lPVwiaW1hZ2UucG5nXCI7IGZpbGVuYW1lKj1VVEYtOCcnaW1hZ2UucG5nIiwiY29udGVudF90eXBlIjoiaW1hZ2UvcG5nIiwic2VydmljZV9uYW1lIjoibG9jYWwifSwiZXhwIjoiMjAyNS0wOS0wNVQwMDo0OTozMC4wNjlaIiwicHVyIjoiYmxvYl9rZXkifX0=--87dcedc53174459e57e0b1c86d1985440c748ca5/image.png" for 127.0.0.1 at 2025-09-05 09:44:30 +0900
Processing by ActiveStorage::DiskController#show as PNG
  Parameters: {"encoded_key" => "[FILTERED]", "filename" => "image"}
Completed 200 OK in 29ms (ActiveRecord: 0.0ms (0 queries, 0 cached) | GC: 0.0ms)


Started GET "/rails/active_storage/disk/eyJfcmFpbHMiOnsiZGF0YSI6eyJrZXkiOiI2NGdzeXV3Yjg5YTAzbGNndHdjNndlYzY4d2dlIiwiZGlzcG9zaXRpb24iOiJpbmxpbmU7IGZpbGVuYW1lPVwiJTNGJTNGJTNGJTNGJTNGJTNGLnBuZ1wiOyBmaWxlbmFtZSo9VVRGLTgnJyVFRCU5NSU5QyVFQiU4MiVBOCVFQiU4RiU5OSVFQyU5NyVCMCVFQiVBMyU4QyVFQiVCOSU4NC5wbmciLCJjb250ZW50X3R5cGUiOiJpbWFnZS9wbmciLCJzZXJ2aWNlX25hbWUiOiJsb2NhbCJ9LCJleHAiOiIyMDI1LTA5LTA1VDAwOjQ5OjMwLjEwMFoiLCJwdXIiOiJibG9iX2tleSJ9fQ==--a36453084f1b2024b0c56fe86cb9291d42a2f87b/%ED%95%9C%EB%82%A8%EB%8F%99%EC%97%B0%EB%A3%8C%EB%B9%84.png" for 127.0.0.1 at 2025-09-05 09:44:30 +0900
Processing by ActiveStorage::DiskController#show as PNG
  Parameters: {"encoded_key" => "[FILTERED]", "filename" => "í•œë‚¨ë™ì—°ë£Œë¹„"}
Started GET "/rails/active_storage/representations/redirect/eyJfcmFpbHMiOnsiZGF0YSI6OCwicHVyIjoiYmxvYl9pZCJ9fQ==--ef63fde320a7e0664de4e68a86cc85678c53b0a9/eyJfcmFpbHMiOnsiZGF0YSI6eyJmb3JtYXQiOiJwbmciLCJyZXNpemVfdG9fZmlsbCI6WzQwMCwyNTBdfSwicHVyIjoidmFyaWF0aW9uIn19--4419de9b5adb018ae99de24574a74324343e322c/adobe_photoshop_screenshot_2.png" for 127.0.0.1 at 2025-09-05 09:44:30 +0900
Processing by ActiveStorage::Representations::RedirectController#show as PNG
  Parameters: {"signed_blob_id" => "eyJfcmFpbHMiOnsiZGF0YSI6OCwicHVyIjoiYmxvYl9pZCJ9fQ==--ef63fde320a7e0664de4e68a86cc85678c53b0a9", "variation_key" => "[FILTERED]", "filename" => "adobe_photoshop_screenshot_2"}
Completed 200 OK in 43ms (ActiveRecord: 0.0ms (0 queries, 0 cached) | GC: 0.0ms)


  [1m[36mActiveStorage::Blob Load (0.4ms)[0m  [1m[34mSELECT "active_storage_blobs".* FROM "active_storage_blobs" WHERE "active_storage_blobs"."id" = 8 LIMIT 1 /*action='show',application='CrackSite2',controller='redirect'*/[0m
  [1m[36mActiveStorage::VariantRecord Load (0.1ms)[0m  [1m[34mSELECT "active_storage_variant_records".* FROM "active_storage_variant_records" WHERE "active_storage_variant_records"."blob_id" = 8 AND "active_storage_variant_records"."variation_digest" = '4xJwnC/LTTKcOGOu+QwvSrk2Y3w=' LIMIT 1 /*action='show',application='CrackSite2',controller='redirect'*/[0m
  [1m[36mActiveStorage::Attachment Load (0.0ms)[0m  [1m[34mSELECT "active_storage_attachments".* FROM "active_storage_attachments" WHERE "active_storage_attachments"."record_id" = 29 AND "active_storage_attachments"."record_type" = 'ActiveStorage::VariantRecord' AND "active_storage_attachments"."name" = 'image' LIMIT 1 /*action='show',application='CrackSite2',controller='redirect'*/[0m
  [1m[36mActiveStorage::Blob Load (0.0ms)[0m  [1m[34mSELECT "active_storage_blobs".* FROM "active_storage_blobs" WHERE "active_storage_blobs"."id" = 54 LIMIT 1 /*action='show',application='CrackSite2',controller='redirect'*/[0m
[36m  Disk Storage (0.4ms) [0m[34mGenerated URL for file at key: vmmpe1dhd97u1xau02xmqkiuinf5 (http://127.0.0.1:3000/rails/active_storage/disk/eyJfcmFpbHMiOnsiZGF0YSI6eyJrZXkiOiJ2bW1wZTFkaGQ5N3UxeGF1MDJ4bXFraXVpbmY1IiwiZGlzcG9zaXRpb24iOiJpbmxpbmU7IGZpbGVuYW1lPVwiYWRvYmVfcGhvdG9zaG9wX3NjcmVlbnNob3RfMi5wbmdcIjsgZmlsZW5hbWUqPVVURi04JydhZG9iZV9waG90b3Nob3Bfc2NyZWVuc2hvdF8yLnBuZyIsImNvbnRlbnRfdHlwZSI6ImltYWdlL3BuZyIsInNlcnZpY2VfbmFtZSI6ImxvY2FsIn0sImV4cCI6IjIwMjUtMDktMDVUMDA6NDk6MzAuMzY0WiIsInB1ciI6ImJsb2Jfa2V5In19--3bb0a08c5f109c384e45eff7efcf0a4c48ffe6d8/adobe_photoshop_screenshot_2.png)[0m
Redirected to http://127.0.0.1:3000/rails/active_storage/disk/eyJfcmFpbHMiOnsiZGF0YSI6eyJrZXkiOiJ2bW1wZTFkaGQ5N3UxeGF1MDJ4bXFraXVpbmY1IiwiZGlzcG9zaXRpb24iOiJpbmxpbmU7IGZpbGVuYW1lPVwiYWRvYmVfcGhvdG9zaG9wX3NjcmVlbnNob3RfMi5wbmdcIjsgZmlsZW5hbWUqPVVURi04JydhZG9iZV9waG90b3Nob3Bfc2NyZWVuc2hvdF8yLnBuZyIsImNvbnRlbnRfdHlwZSI6ImltYWdlL3BuZyIsInNlcnZpY2VfbmFtZSI6ImxvY2FsIn0sImV4cCI6IjIwMjUtMDktMDVUMDA6NDk6MzAuMzY0WiIsInB1ciI6ImJsb2Jfa2V5In19--3bb0a08c5f109c384e45eff7efcf0a4c48ffe6d8/adobe_photoshop_screenshot_2.png
Completed 302 Found in 51ms (ActiveRecord: 0.6ms (4 queries, 0 cached) | GC: 0.0ms)


Started GET "/rails/active_storage/disk/eyJfcmFpbHMiOnsiZGF0YSI6eyJrZXkiOiJ2bW1wZTFkaGQ5N3UxeGF1MDJ4bXFraXVpbmY1IiwiZGlzcG9zaXRpb24iOiJpbmxpbmU7IGZpbGVuYW1lPVwiYWRvYmVfcGhvdG9zaG9wX3NjcmVlbnNob3RfMi5wbmdcIjsgZmlsZW5hbWUqPVVURi04JydhZG9iZV9waG90b3Nob3Bfc2NyZWVuc2hvdF8yLnBuZyIsImNvbnRlbnRfdHlwZSI6ImltYWdlL3BuZyIsInNlcnZpY2VfbmFtZSI6ImxvY2FsIn0sImV4cCI6IjIwMjUtMDktMDVUMDA6NDk6MzAuMzY0WiIsInB1ciI6ImJsb2Jfa2V5In19--3bb0a08c5f109c384e45eff7efcf0a4c48ffe6d8/adobe_photoshop_screenshot_2.png" for 127.0.0.1 at 2025-09-05 09:44:30 +0900
Processing by ActiveStorage::DiskController#show as PNG
  Parameters: {"encoded_key" => "[FILTERED]", "filename" => "adobe_photoshop_screenshot_2"}
Completed 200 OK in 29ms (ActiveRecord: 0.0ms (0 queries, 0 cached) | GC: 0.0ms)


Started GET "/apple-touch-icon-precomposed.png" for 127.0.0.1 at 2025-09-05 09:44:30 +0900
  
ActionController::RoutingError (No route matches [GET] "/apple-touch-icon-precomposed.png"):
  
Started GET "/apple-touch-icon.png" for 127.0.0.1 at 2025-09-05 09:44:30 +0900
  
ActionController::RoutingError (No route matches [GET] "/apple-touch-icon.png"):
  
Started GET "/favicon.ico" for 127.0.0.1 at 2025-09-05 09:44:30 +0900
  
ActionController::RoutingError (No route matches [GET] "/favicon.ico"):
  
Started GET "/softwares/17" for 127.0.0.1 at 2025-09-05 09:44:35 +0900
Processing by SoftwaresController#show as HTML
  Parameters: {"id" => "17"}
  [1m[36mSoftware Load (0.4ms)[0m  [1m[34mSELECT "softwares".* FROM "softwares" WHERE "softwares"."published" = 1 AND "softwares"."id" = 17 LIMIT 1 /*action='show',application='CrackSite2',controller='softwares'*/[0m
  â†³ app/controllers/softwares_controller.rb:16:in 'SoftwaresController#show'
  [1m[36mCategory Load (0.1ms)[0m  [1m[34mSELECT "categories".* FROM "categories" WHERE "categories"."id" = 1 LIMIT 1 /*action='show',application='CrackSite2',controller='softwares'*/[0m
  â†³ app/controllers/softwares_controller.rb:18:in 'SoftwaresController#show'
  Rendering layout layouts/application.html.erb
  Rendering softwares/show.html.erb within layouts/application
  [1m[36mActiveStorage::Attachment Exists? (0.1ms)[0m  [1m[34mSELECT 1 AS one FROM "active_storage_attachments" WHERE "active_storage_attachments"."record_id" = 17 AND "active_storage_attachments"."record_type" = 'Software' AND "active_storage_attachments"."name" = 'screenshots' LIMIT 1 /*action='show',application='CrackSite2',controller='softwares'*/[0m
  â†³ app/views/softwares/show.html.erb:67
  [1m[36mActiveStorage::Attachment Load (0.1ms)[0m  [1m[34mSELECT "active_storage_attachments".* FROM "active_storage_attachments" WHERE "active_storage_attachments"."record_id" = 17 AND "active_storage_attachments"."record_type" = 'Software' AND "active_storage_attachments"."name" = 'screenshots' /*action='show',application='CrackSite2',controller='softwares'*/[0m
  â†³ app/views/softwares/show.html.erb:71
  [1m[36mActiveStorage::Blob Load (0.1ms)[0m  [1m[34mSELECT "active_storage_blobs".* FROM "active_storage_blobs" WHERE "active_storage_blobs"."id" = 37 LIMIT 1 /*action='show',application='CrackSite2',controller='softwares'*/[0m
  â†³ app/views/softwares/show.html.erb:73
  [1m[36mActiveStorage::Attachment Exists? (0.0ms)[0m  [1m[34mSELECT 1 AS one FROM "active_storage_attachments" WHERE "active_storage_attachments"."record_id" = 17 AND "active_storage_attachments"."record_type" = 'Software' AND "active_storage_attachments"."name" = 'install_files' LIMIT 1 /*action='show',application='CrackSite2',controller='softwares'*/[0m
  â†³ app/views/softwares/show.html.erb:109
  [1m[36mActiveStorage::Attachment Load (0.0ms)[0m  [1m[34mSELECT "active_storage_attachments".* FROM "active_storage_attachments" WHERE "active_storage_attachments"."record_id" = 17 AND "active_storage_attachments"."record_type" = 'Software' AND "active_storage_attachments"."name" = 'install_files' /*action='show',application='CrackSite2',controller='softwares'*/[0m
  â†³ app/views/softwares/show.html.erb:111
  [1m[36mActiveStorage::Blob Load (0.0ms)[0m  [1m[34mSELECT "active_storage_blobs".* FROM "active_storage_blobs" WHERE "active_storage_blobs"."id" = 38 LIMIT 1 /*action='show',application='CrackSite2',controller='softwares'*/[0m
  â†³ app/views/softwares/show.html.erb:115
  [1m[36mSoftware Exists? (0.1ms)[0m  [1m[34mSELECT 1 AS one FROM "softwares" WHERE "softwares"."published" = 1 AND "softwares"."category_id" = 1 AND "softwares"."id" != 17 LIMIT 1 /*action='show',application='CrackSite2',controller='softwares'*/[0m
  â†³ app/views/softwares/show.html.erb:204
  [1m[36mSoftware Load (0.1ms)[0m  [1m[34mSELECT "softwares".* FROM "softwares" WHERE "softwares"."published" = 1 AND "softwares"."category_id" = 1 AND "softwares"."id" != 17 LIMIT 4 /*action='show',application='CrackSite2',controller='softwares'*/[0m
  â†³ app/views/softwares/show.html.erb:208
  [1m[36mActiveStorage::Attachment Load (0.0ms)[0m  [1m[34mSELECT "active_storage_attachments".* FROM "active_storage_attachments" WHERE "active_storage_attachments"."record_id" = 1 AND "active_storage_attachments"."record_type" = 'Software' AND "active_storage_attachments"."name" = 'featured_image' LIMIT 1 /*action='show',application='CrackSite2',controller='softwares'*/[0m
  â†³ app/views/softwares/show.html.erb:210
  [1m[36mActiveStorage::Blob Load (0.1ms)[0m  [1m[34mSELECT "active_storage_blobs".* FROM "active_storage_blobs" WHERE "active_storage_blobs"."id" = 1 LIMIT 1 /*action='show',application='CrackSite2',controller='softwares'*/[0m
  â†³ app/views/softwares/show.html.erb:211
  [1m[36mActiveStorage::Attachment Load (0.1ms)[0m  [1m[34mSELECT "active_storage_attachments".* FROM "active_storage_attachments" WHERE "active_storage_attachments"."record_id" = 2 AND "active_storage_attachments"."record_type" = 'Software' AND "active_storage_attachments"."name" = 'featured_image' LIMIT 1 /*action='show',application='CrackSite2',controller='softwares'*/[0m
  â†³ app/views/softwares/show.html.erb:210
  [1m[36mActiveStorage::Blob Load (0.0ms)[0m  [1m[34mSELECT "active_storage_blobs".* FROM "active_storage_blobs" WHERE "active_storage_blobs"."id" = 6 LIMIT 1 /*action='show',application='CrackSite2',controller='softwares'*/[0m
  â†³ app/views/softwares/show.html.erb:211
  Rendered softwares/show.html.erb within layouts/application (Duration: 41.1ms | GC: 0.1ms)
  [1m[36mCategory Load (0.1ms)[0m  [1m[34mSELECT "categories".* FROM "categories" ORDER BY "categories"."position" ASC, "categories"."name" ASC /*action='show',application='CrackSite2',controller='softwares'*/[0m
  â†³ app/views/layouts/application.html.erb:50
  [1m[36mSoftware Load (0.1ms)[0m  [1m[34mSELECT "softwares".* FROM "softwares" WHERE "softwares"."category_id" IN (1, 2, 3, 4, 5, 6, 7, 8) /*action='show',application='CrackSite2',controller='softwares'*/[0m
  â†³ app/views/layouts/application.html.erb:50
  Rendered layout layouts/application.html.erb (Duration: 52.3ms | GC: 2.0ms)
Completed 200 OK in 105ms (Views: 51.9ms | ActiveRecord: 1.4ms (16 queries, 0 cached) | GC: 2.0ms)


Started GET "/rails/active_storage/representations/redirect/eyJfcmFpbHMiOnsiZGF0YSI6MSwicHVyIjoiYmxvYl9pZCJ9fQ==--41137020fda6d499a8ae3420b0e7a87beb668d03/eyJfcmFpbHMiOnsiZGF0YSI6eyJmb3JtYXQiOiJwbmciLCJyZXNpemVfdG9fZmlsbCI6WzQwLDQwXX0sInB1ciI6InZhcmlhdGlvbiJ9fQ==--a8a5568c8bab653cba005dd81fc2d820d97ffc84/%ED%95%9C%EB%82%A8%EB%8F%99%EC%97%B0%EB%A3%8C%EB%B9%84.png" for 127.0.0.1 at 2025-09-05 09:44:35 +0900
Started GET "/rails/active_storage/representations/redirect/eyJfcmFpbHMiOnsiZGF0YSI6NiwicHVyIjoiYmxvYl9pZCJ9fQ==--66ef222b97a77e177ee91fa16d643b121514eba0/eyJfcmFpbHMiOnsiZGF0YSI6eyJmb3JtYXQiOiJwbmciLCJyZXNpemVfdG9fZmlsbCI6WzQwLDQwXX0sInB1ciI6InZhcmlhdGlvbiJ9fQ==--a8a5568c8bab653cba005dd81fc2d820d97ffc84/adobe_audition_screenshot_2.png" for 127.0.0.1 at 2025-09-05 09:44:35 +0900
Processing by ActiveStorage::Representations::RedirectController#show as PNG
  Parameters: {"signed_blob_id" => "eyJfcmFpbHMiOnsiZGF0YSI6MSwicHVyIjoiYmxvYl9pZCJ9fQ==--41137020fda6d499a8ae3420b0e7a87beb668d03", "variation_key" => "[FILTERED]", "filename" => "í•œë‚¨ë™ì—°ë£Œë¹„"}
Processing by ActiveStorage::Representations::RedirectController#show as PNG
  Parameters: {"signed_blob_id" => "eyJfcmFpbHMiOnsiZGF0YSI6NiwicHVyIjoiYmxvYl9pZCJ9fQ==--66ef222b97a77e177ee91fa16d643b121514eba0", "variation_key" => "[FILTERED]", "filename" => "adobe_audition_screenshot_2"}
  [1m[36mActiveStorage::Blob Load (0.1ms)[0m  [1m[34mSELECT "active_storage_blobs".* FROM "active_storage_blobs" WHERE "active_storage_blobs"."id" = 1 LIMIT 1 /*action='show',application='CrackSite2',controller='redirect'*/[0m
  [1m[36mActiveStorage::VariantRecord Load (0.0ms)[0m  [1m[34mSELECT "active_storage_variant_records".* FROM "active_storage_variant_records" WHERE "active_storage_variant_records"."blob_id" = 1 AND "active_storage_variant_records"."variation_digest" = 'WA+SNPKzHZmFhwGO3Ax/2/WQYMU=' LIMIT 1 /*action='show',application='CrackSite2',controller='redirect'*/[0m
  [1m[36mActiveStorage::Blob Load (4.8ms)[0m  [1m[34mSELECT "active_storage_blobs".* FROM "active_storage_blobs" WHERE "active_storage_blobs"."id" = 6 LIMIT 1 /*action='show',application='CrackSite2',controller='redirect'*/[0m
  [1m[36mActiveStorage::Attachment Load (0.0ms)[0m  [1m[34mSELECT "active_storage_attachments".* FROM "active_storage_attachments" WHERE "active_storage_attachments"."record_id" = 27 AND "active_storage_attachments"."record_type" = 'ActiveStorage::VariantRecord' AND "active_storage_attachments"."name" = 'image' LIMIT 1 /*action='show',application='CrackSite2',controller='redirect'*/[0m
  [1m[36mActiveStorage::VariantRecord Load (0.2ms)[0m  [1m[34mSELECT "active_storage_variant_records".* FROM "active_storage_variant_records" WHERE "active_storage_variant_records"."blob_id" = 6 AND "active_storage_variant_records"."variation_digest" = 'WA+SNPKzHZmFhwGO3Ax/2/WQYMU=' LIMIT 1 /*action='show',application='CrackSite2',controller='redirect'*/[0m
  [1m[36mActiveStorage::Blob Load (0.0ms)[0m  [1m[34mSELECT "active_storage_blobs".* FROM "active_storage_blobs" WHERE "active_storage_blobs"."id" = 52 LIMIT 1 /*action='show',application='CrackSite2',controller='redirect'*/[0m
  [1m[36mActiveStorage::Attachment Load (0.2ms)[0m  [1m[34mSELECT "active_storage_attachments".* FROM "active_storage_attachments" WHERE "active_storage_attachments"."record_id" = 26 AND "active_storage_attachments"."record_type" = 'ActiveStorage::VariantRecord' AND "active_storage_attachments"."name" = 'image' LIMIT 1 /*action='show',application='CrackSite2',controller='redirect'*/[0m
[36m  Disk Storage (0.9ms) [0m[34mGenerated URL for file at key: bn6al2fe065hfy3kteml66nfare4 (http://127.0.0.1:3000/rails/active_storage/disk/eyJfcmFpbHMiOnsiZGF0YSI6eyJrZXkiOiJibjZhbDJmZTA2NWhmeTNrdGVtbDY2bmZhcmU0IiwiZGlzcG9zaXRpb24iOiJpbmxpbmU7IGZpbGVuYW1lPVwiJTNGJTNGJTNGJTNGJTNGJTNGLnBuZ1wiOyBmaWxlbmFtZSo9VVRGLTgnJyVFRCU5NSU5QyVFQiU4MiVBOCVFQiU4RiU5OSVFQyU5NyVCMCVFQiVBMyU4QyVFQiVCOSU4NC5wbmciLCJjb250ZW50X3R5cGUiOiJpbWFnZS9wbmciLCJzZXJ2aWNlX25hbWUiOiJsb2NhbCJ9LCJleHAiOiIyMDI1LTA5LTA1VDAwOjQ5OjM1LjkwM1oiLCJwdXIiOiJibG9iX2tleSJ9fQ==--31a288afa5f55467bb0fd6afec19f716e6784e21/%ED%95%9C%EB%82%A8%EB%8F%99%EC%97%B0%EB%A3%8C%EB%B9%84.png)[0m
  [1m[36mActiveStorage::Blob Load (0.0ms)[0m  [1m[34mSELECT "active_storage_blobs".* FROM "active_storage_blobs" WHERE "active_storage_blobs"."id" = 51 LIMIT 1 /*action='show',application='CrackSite2',controller='redirect'*/[0m
Redirected to http://127.0.0.1:3000/rails/active_storage/disk/eyJfcmFpbHMiOnsiZGF0YSI6eyJrZXkiOiJibjZhbDJmZTA2NWhmeTNrdGVtbDY2bmZhcmU0IiwiZGlzcG9zaXRpb24iOiJpbmxpbmU7IGZpbGVuYW1lPVwiJTNGJTNGJTNGJTNGJTNGJTNGLnBuZ1wiOyBmaWxlbmFtZSo9VVRGLTgnJyVFRCU5NSU5QyVFQiU4MiVBOCVFQiU4RiU5OSVFQyU5NyVCMCVFQiVBMyU4QyVFQiVCOSU4NC5wbmciLCJjb250ZW50X3R5cGUiOiJpbWFnZS9wbmciLCJzZXJ2aWNlX25hbWUiOiJsb2NhbCJ9LCJleHAiOiIyMDI1LTA5LTA1VDAwOjQ5OjM1LjkwM1oiLCJwdXIiOiJibG9iX2tleSJ9fQ==--31a288afa5f55467bb0fd6afec19f716e6784e21/%ED%95%9C%EB%82%A8%EB%8F%99%EC%97%B0%EB%A3%8C%EB%B9%84.png
[36m  Disk Storage (0.5ms) [0m[34mGenerated URL for file at key: 3olj9ea1gvfkpmd2gf7ipo003amz (http://127.0.0.1:3000/rails/active_storage/disk/eyJfcmFpbHMiOnsiZGF0YSI6eyJrZXkiOiIzb2xqOWVhMWd2ZmtwbWQyZ2Y3aXBvMDAzYW16IiwiZGlzcG9zaXRpb24iOiJpbmxpbmU7IGZpbGVuYW1lPVwiYWRvYmVfYXVkaXRpb25fc2NyZWVuc2hvdF8yLnBuZ1wiOyBmaWxlbmFtZSo9VVRGLTgnJ2Fkb2JlX2F1ZGl0aW9uX3NjcmVlbnNob3RfMi5wbmciLCJjb250ZW50X3R5cGUiOiJpbWFnZS9wbmciLCJzZXJ2aWNlX25hbWUiOiJsb2NhbCJ9LCJleHAiOiIyMDI1LTA5LTA1VDAwOjQ5OjM1LjkwOFoiLCJwdXIiOiJibG9iX2tleSJ9fQ==--416a99638810f3e75e1fbe99a8ab8bdad0092f6e/adobe_audition_screenshot_2.png)[0m
Completed 302 Found in 124ms (ActiveRecord: 0.2ms (4 queries, 0 cached) | GC: 2.1ms)


Redirected to http://127.0.0.1:3000/rails/active_storage/disk/eyJfcmFpbHMiOnsiZGF0YSI6eyJrZXkiOiIzb2xqOWVhMWd2ZmtwbWQyZ2Y3aXBvMDAzYW16IiwiZGlzcG9zaXRpb24iOiJpbmxpbmU7IGZpbGVuYW1lPVwiYWRvYmVfYXVkaXRpb25fc2NyZWVuc2hvdF8yLnBuZ1wiOyBmaWxlbmFtZSo9VVRGLTgnJ2Fkb2JlX2F1ZGl0aW9uX3NjcmVlbnNob3RfMi5wbmciLCJjb250ZW50X3R5cGUiOiJpbWFnZS9wbmciLCJzZXJ2aWNlX25hbWUiOiJsb2NhbCJ9LCJleHAiOiIyMDI1LTA5LTA1VDAwOjQ5OjM1LjkwOFoiLCJwdXIiOiJibG9iX2tleSJ9fQ==--416a99638810f3e75e1fbe99a8ab8bdad0092f6e/adobe_audition_screenshot_2.png
Completed 302 Found in 123ms (ActiveRecord: 4.9ms (4 queries, 0 cached) | GC: 2.1ms)


Started GET "/rails/active_storage/disk/eyJfcmFpbHMiOnsiZGF0YSI6eyJrZXkiOiJibjZhbDJmZTA2NWhmeTNrdGVtbDY2bmZhcmU0IiwiZGlzcG9zaXRpb24iOiJpbmxpbmU7IGZpbGVuYW1lPVwiJTNGJTNGJTNGJTNGJTNGJTNGLnBuZ1wiOyBmaWxlbmFtZSo9VVRGLTgnJyVFRCU5NSU5QyVFQiU4MiVBOCVFQiU4RiU5OSVFQyU5NyVCMCVFQiVBMyU4QyVFQiVCOSU4NC5wbmciLCJjb250ZW50X3R5cGUiOiJpbWFnZS9wbmciLCJzZXJ2aWNlX25hbWUiOiJsb2NhbCJ9LCJleHAiOiIyMDI1LTA5LTA1VDAwOjQ5OjM1LjkwM1oiLCJwdXIiOiJibG9iX2tleSJ9fQ==--31a288afa5f55467bb0fd6afec19f716e6784e21/%ED%95%9C%EB%82%A8%EB%8F%99%EC%97%B0%EB%A3%8C%EB%B9%84.png" for 127.0.0.1 at 2025-09-05 09:44:35 +0900
Processing by ActiveStorage::DiskController#show as PNG
  Parameters: {"encoded_key" => "[FILTERED]", "filename" => "í•œë‚¨ë™ì—°ë£Œë¹„"}
Completed 200 OK in 25ms (ActiveRecord: 0.0ms (0 queries, 0 cached) | GC: 0.0ms)


Started GET "/rails/active_storage/disk/eyJfcmFpbHMiOnsiZGF0YSI6eyJrZXkiOiIzb2xqOWVhMWd2ZmtwbWQyZ2Y3aXBvMDAzYW16IiwiZGlzcG9zaXRpb24iOiJpbmxpbmU7IGZpbGVuYW1lPVwiYWRvYmVfYXVkaXRpb25fc2NyZWVuc2hvdF8yLnBuZ1wiOyBmaWxlbmFtZSo9VVRGLTgnJ2Fkb2JlX2F1ZGl0aW9uX3NjcmVlbnNob3RfMi5wbmciLCJjb250ZW50X3R5cGUiOiJpbWFnZS9wbmciLCJzZXJ2aWNlX25hbWUiOiJsb2NhbCJ9LCJleHAiOiIyMDI1LTA5LTA1VDAwOjQ5OjM1LjkwOFoiLCJwdXIiOiJibG9iX2tleSJ9fQ==--416a99638810f3e75e1fbe99a8ab8bdad0092f6e/adobe_audition_screenshot_2.png" for 127.0.0.1 at 2025-09-05 09:44:36 +0900
Processing by ActiveStorage::DiskController#show as PNG
  Parameters: {"encoded_key" => "[FILTERED]", "filename" => "adobe_audition_screenshot_2"}
Completed 200 OK in 35ms (ActiveRecord: 0.0ms (0 queries, 0 cached) | GC: 0.0ms)


Started GET "/softwares/16" for 127.0.0.1 at 2025-09-05 09:44:41 +0900
Processing by SoftwaresController#show as HTML
  Parameters: {"id" => "16"}
  [1m[36mSoftware Load (0.1ms)[0m  [1m[34mSELECT "softwares".* FROM "softwares" WHERE "softwares"."published" = 1 AND "softwares"."id" = 16 LIMIT 1 /*action='show',application='CrackSite2',controller='softwares'*/[0m
  â†³ app/controllers/softwares_controller.rb:16:in 'SoftwaresController#show'
  [1m[36mCategory Load (0.1ms)[0m  [1m[34mSELECT "categories".* FROM "categories" WHERE "categories"."id" = 8 LIMIT 1 /*action='show',application='CrackSite2',controller='softwares'*/[0m
  â†³ app/controllers/softwares_controller.rb:18:in 'SoftwaresController#show'
  Rendering layout layouts/application.html.erb
  Rendering softwares/show.html.erb within layouts/application
  [1m[36mActiveStorage::Attachment Exists? (0.1ms)[0m  [1m[34mSELECT 1 AS one FROM "active_storage_attachments" WHERE "active_storage_attachments"."record_id" = 16 AND "active_storage_attachments"."record_type" = 'Software' AND "active_storage_attachments"."name" = 'screenshots' LIMIT 1 /*action='show',application='CrackSite2',controller='softwares'*/[0m
  â†³ app/views/softwares/show.html.erb:67
  [1m[36mActiveStorage::Attachment Load (0.0ms)[0m  [1m[34mSELECT "active_storage_attachments".* FROM "active_storage_attachments" WHERE "active_storage_attachments"."record_id" = 16 AND "active_storage_attachments"."record_type" = 'Software' AND "active_storage_attachments"."name" = 'screenshots' /*action='show',application='CrackSite2',controller='softwares'*/[0m
  â†³ app/views/softwares/show.html.erb:71
  [1m[36mActiveStorage::Blob Load (0.0ms)[0m  [1m[34mSELECT "active_storage_blobs".* FROM "active_storage_blobs" WHERE "active_storage_blobs"."id" = 41 LIMIT 1 /*action='show',application='CrackSite2',controller='softwares'*/[0m
  â†³ app/views/softwares/show.html.erb:73
  [1m[36mActiveStorage::Attachment Exists? (0.0ms)[0m  [1m[34mSELECT 1 AS one FROM "active_storage_attachments" WHERE "active_storage_attachments"."record_id" = 16 AND "active_storage_attachments"."record_type" = 'Software' AND "active_storage_attachments"."name" = 'install_files' LIMIT 1 /*action='show',application='CrackSite2',controller='softwares'*/[0m
  â†³ app/views/softwares/show.html.erb:109
  [1m[36mActiveStorage::Attachment Load (0.0ms)[0m  [1m[34mSELECT "active_storage_attachments".* FROM "active_storage_attachments" WHERE "active_storage_attachments"."record_id" = 16 AND "active_storage_attachments"."record_type" = 'Software' AND "active_storage_attachments"."name" = 'install_files' /*action='show',application='CrackSite2',controller='softwares'*/[0m
  â†³ app/views/softwares/show.html.erb:111
  [1m[36mActiveStorage::Blob Load (0.5ms)[0m  [1m[34mSELECT "active_storage_blobs".* FROM "active_storage_blobs" WHERE "active_storage_blobs"."id" = 42 LIMIT 1 /*action='show',application='CrackSite2',controller='softwares'*/[0m
  â†³ app/views/softwares/show.html.erb:115
  [1m[36mSoftware Exists? (0.0ms)[0m  [1m[34mSELECT 1 AS one FROM "softwares" WHERE "softwares"."published" = 1 AND "softwares"."category_id" = 8 AND "softwares"."id" != 16 LIMIT 1 /*action='show',application='CrackSite2',controller='softwares'*/[0m
  â†³ app/views/softwares/show.html.erb:204
  [1m[36mSoftware Load (0.1ms)[0m  [1m[34mSELECT "softwares".* FROM "softwares" WHERE "softwares"."published" = 1 AND "softwares"."category_id" = 8 AND "softwares"."id" != 16 LIMIT 4 /*action='show',application='CrackSite2',controller='softwares'*/[0m
  â†³ app/views/softwares/show.html.erb:208
  [1m[36mActiveStorage::Attachment Load (0.0ms)[0m  [1m[34mSELECT "active_storage_attachments".* FROM "active_storage_attachments" WHERE "active_storage_attachments"."record_id" = 15 AND "active_storage_attachments"."record_type" = 'Software' AND "active_storage_attachments"."name" = 'featured_image' LIMIT 1 /*action='show',application='CrackSite2',controller='softwares'*/[0m
  â†³ app/views/softwares/show.html.erb:210
  Rendered softwares/show.html.erb within layouts/application (Duration: 9.6ms | GC: 0.7ms)
  [1m[36mCategory Load (0.1ms)[0m  [1m[34mSELECT "categories".* FROM "categories" ORDER BY "categories"."position" ASC, "categories"."name" ASC /*action='show',application='CrackSite2',controller='softwares'*/[0m
  â†³ app/views/layouts/application.html.erb:50
  [1m[36mSoftware Load (0.1ms)[0m  [1m[34mSELECT "softwares".* FROM "softwares" WHERE "softwares"."category_id" IN (1, 2, 3, 4, 5, 6, 7, 8) /*action='show',application='CrackSite2',controller='softwares'*/[0m
  â†³ app/views/layouts/application.html.erb:50
  Rendered layout layouts/application.html.erb (Duration: 14.8ms | GC: 1.0ms)
Completed 200 OK in 62ms (Views: 14.0ms | ActiveRecord: 1.2ms (13 queries, 0 cached) | GC: 1.0ms)


